<?xml version="1.0" encoding="UTF-8"?>
<!-- Generated by org.testng.reporters.JUnitXMLReporter -->
<testsuite ignored="0" hostname="DUBN34630627A" failures="0" tests="4" name="AlertsTests" time="48.235" errors="0" timestamp="10 Dec 2019 16:22:38 GMT">
  <testcase classname="com.james.training.selenium_project.uielementspagetests.FileUploaderTests" name="fileUploaderTest" time="2.315"/>
  <testcase classname="com.james.training.selenium_project.uielementspagetests.FileUploaderTests" name="fileUploaderTest" time="2.414"/>
  <testcase classname="com.james.training.selenium_project.uielementspagetests.FileUploaderTests" name="fileUploaderTest" time="2.45"/>
  <testcase classname="com.james.training.selenium_project.uielementspagetests.FileUploaderTests" name="fileUploaderTest" time="5.408"/>
</testsuite> <!-- AlertsTests -->
