<?xml version="1.0" encoding="UTF-8"?>
<!-- Generated by org.testng.reporters.JUnitXMLReporter -->
<testsuite ignored="0" hostname="DUBN34630627A" failures="0" tests="3" name="jsAlertTest" time="37.416" errors="0" timestamp="13 Dec 2019 17:25:21 GMT">
  <testcase classname="com.james.training.selenium_project.uielementspagetests.AlertsTests" name="jsAlertTest" time="3.85"/>
  <testcase classname="com.james.training.selenium_project.uielementspagetests.AlertsTests" name="jsDismissTest" time="4.768"/>
  <testcase classname="com.james.training.selenium_project.uielementspagetests.AlertsTests" name="jsPromptTest" time="5.408"/>
</testsuite> <!-- jsAlertTest -->
