<?xml version="1.0" encoding="UTF-8"?>
<testng-results ignored="0" total="2" passed="2" failed="0" skipped="0">
  <reporter-output>
  </reporter-output>
  <suite started-at="2020-01-21T17:44:58Z" name="Suite" finished-at="2020-01-21T17:45:29Z" duration-ms="30371">
    <groups>
    </groups>
    <test started-at="2020-01-21T17:44:58Z" name="loginTest" finished-at="2020-01-21T17:45:29Z" duration-ms="30371">
      <class name="com.paralleltest.SignInPageTest">
        <test-method is-config="true" signature="setUpSuite()[pri:0, instance:com.paralleltest.SignInPageTest@8c3b9d]" started-at="2020-01-21T17:44:58Z" name="setUpSuite" finished-at="2020-01-21T17:44:58Z" duration-ms="421" status="PASS">
          <reporter-output>
          </reporter-output>
        </test-method> <!-- setUpSuite -->
        <test-method is-config="true" signature="setUp(java.lang.reflect.Method, org.testng.ITestContext)[pri:0, instance:com.paralleltest.SignInPageTest@8c3b9d]" started-at="2020-01-21T17:44:59Z" name="setUp" finished-at="2020-01-21T17:45:10Z" duration-ms="10813" status="PASS">
          <params>
            <param index="0">
              <value>
                <![CDATA[public void com.paralleltest.SignInPageTest.loginTestDBData(java.lang.String,java.lang.String)]]>
              </value>
            </param>
            <param index="1">
              <value>
                <![CDATA[org.testng.TestRunner@142269f2]]>
              </value>
            </param>
          </params>
          <reporter-output>
          </reporter-output>
        </test-method> <!-- setUp -->
        <test-method is-config="true" signature="setUp(java.lang.reflect.Method, org.testng.ITestContext)[pri:0, instance:com.paralleltest.SignInPageTest@8c3b9d]" started-at="2020-01-21T17:44:59Z" name="setUp" finished-at="2020-01-21T17:45:09Z" duration-ms="10241" status="PASS">
          <params>
            <param index="0">
              <value>
                <![CDATA[public void com.paralleltest.SignInPageTest.loginTestDBData(java.lang.String,java.lang.String)]]>
              </value>
            </param>
            <param index="1">
              <value>
                <![CDATA[org.testng.TestRunner@142269f2]]>
              </value>
            </param>
          </params>
          <reporter-output>
          </reporter-output>
        </test-method> <!-- setUp -->
        <test-method signature="loginTestDBData(java.lang.String, java.lang.String)[pri:0, instance:com.paralleltest.SignInPageTest@8c3b9d]" started-at="2020-01-21T17:45:09Z" name="loginTestDBData" data-provider="databaseTestData" finished-at="2020-01-21T17:45:24Z" duration-ms="14786" status="PASS">
          <params>
            <param index="0">
              <value>
                <![CDATA[resticteduser@gmail.com]]>
              </value>
            </param>
            <param index="1">
              <value>
                <![CDATA[123456]]>
              </value>
            </param>
          </params>
          <reporter-output>
          </reporter-output>
        </test-method> <!-- loginTestDBData -->
        <test-method signature="loginTestDBData(java.lang.String, java.lang.String)[pri:0, instance:com.paralleltest.SignInPageTest@8c3b9d]" started-at="2020-01-21T17:45:10Z" name="loginTestDBData" data-provider="databaseTestData" finished-at="2020-01-21T17:45:28Z" duration-ms="17885" status="PASS">
          <params>
            <param index="0">
              <value>
                <![CDATA[unresticteduser@gmail.com]]>
              </value>
            </param>
            <param index="1">
              <value>
                <![CDATA[123456]]>
              </value>
            </param>
          </params>
          <reporter-output>
          </reporter-output>
        </test-method> <!-- loginTestDBData -->
        <test-method is-config="true" signature="tearDown(org.testng.ITestResult)[pri:0, instance:com.paralleltest.SignInPageTest@8c3b9d]" started-at="2020-01-21T17:45:24Z" name="tearDown" finished-at="2020-01-21T17:45:25Z" duration-ms="1455" status="PASS">
          <params>
            <param index="0">
              <value>
                <![CDATA[[TestResult name=loginTestDBData status=SUCCESS method=SignInPageTest.loginTestDBData(java.lang.String, java.lang.String)[pri:0, instance:com.paralleltest.SignInPageTest@8c3b9d] output={null}]]]>
              </value>
            </param>
          </params>
          <reporter-output>
          </reporter-output>
        </test-method> <!-- tearDown -->
        <test-method is-config="true" signature="tearDown(org.testng.ITestResult)[pri:0, instance:com.paralleltest.SignInPageTest@8c3b9d]" started-at="2020-01-21T17:45:28Z" name="tearDown" finished-at="2020-01-21T17:45:29Z" duration-ms="1100" status="PASS">
          <params>
            <param index="0">
              <value>
                <![CDATA[[TestResult name=loginTestDBData status=SUCCESS method=SignInPageTest.loginTestDBData(java.lang.String, java.lang.String)[pri:0, instance:com.paralleltest.SignInPageTest@8c3b9d] output={null}]]]>
              </value>
            </param>
          </params>
          <reporter-output>
          </reporter-output>
        </test-method> <!-- tearDown -->
      </class> <!-- com.paralleltest.SignInPageTest -->
    </test> <!-- loginTest -->
  </suite> <!-- Suite -->
</testng-results>
