<?xml version="1.0" encoding="UTF-8"?>
<!-- Generated by org.testng.reporters.JUnitXMLReporter -->
<testsuite ignored="0" hostname="DUBN34630627A" failures="0" tests="2" name="Chrome Test" time="25.504" errors="0" timestamp="24 Jan 2020 10:09:56 GMT">
  <testcase classname="com.james.training.ParallelTesting.ParallelTest" name="loginTestDBData" time="11.715"/>
  <testcase classname="com.james.training.ParallelTesting.ParallelTest" name="loginTestDBData" time="13.636"/>
</testsuite> <!-- Chrome Test -->
