<?xml version="1.0" encoding="UTF-8"?>
<!-- Generated by org.testng.reporters.JUnitXMLReporter -->
<testsuite ignored="0" hostname="DUBN34630627A" failures="0" tests="2" name="login-android" time="48.098" errors="0" timestamp="24 Jan 2020 16:29:36 GMT">
  <testcase classname="com.james.training.ParallelTesting.ParallelTest" name="loginTestDBData" time="22.793"/>
  <testcase classname="com.james.training.ParallelTesting.ParallelTest" name="loginTestDBData" time="24.215"/>
</testsuite> <!-- login-android -->
