<?xml version="1.0" encoding="UTF-8"?>
<!-- Generated by org.testng.reporters.JUnitXMLReporter -->
<testsuite ignored="0" hostname="DUBN34630627A" failures="0" tests="2" name="login-android" time="49.572" errors="0" timestamp="24 Jan 2020 21:54:39 GMT">
  <testcase classname="com.james.training.ParallelTesting.ParallelTest" name="loginTestDBData" time="33.053"/>
  <testcase classname="com.james.training.ParallelTesting.ParallelTest" name="loginTestDBData" time="38.799"/>
</testsuite> <!-- login-android -->
