<?xml version="1.0" encoding="UTF-8"?>
<!-- Generated by org.testng.reporters.JUnitXMLReporter -->
<testsuite ignored="0" hostname="DUBN34630627A" failures="0" tests="2" name="negativeUsernameTest_FF" time="33.09" errors="0" timestamp="05 Dec 2019 20:07:15 GMT">
  <testcase classname="com.james.training.selenium_project.NegativeLoginTests" name="negativeUsernameTest" time="3.725"/>
  <testcase classname="com.james.training.selenium_project.NegativeLoginTests" name="negativeUsernameTest_FF" time="3.676"/>
</testsuite> <!-- negativeUsernameTest_FF -->
