<?xml version="1.0" encoding="UTF-8"?>
<!-- Generated by org.testng.reporters.JUnitXMLReporter -->
<testsuite ignored="0" hostname="DUBN34630627A" failures="1" tests="1" name="negativeLogInTest" time="0.272" errors="0" timestamp="11 Dec 2019 20:13:52 GMT">
  <testcase classname="com.james.training.selenium_project.uielementspagetests.NegativeLoginTests" name="negativeLogInTest" time="0.256">
    <failure type="org.testng.internal.reflect.MethodMatcherException" message="
Data provider mismatch
Method: negativeLogInTest([Parameter{index=0, type=java.lang.String, declaredAnnotations=[]}, Parameter{index=1, type=java.lang.String, declaredAnnotations=[]}, Parameter{index=2, type=java.lang.String, declaredAnnotations=[]}, Parameter{index=3, type=java.lang.String, declaredAnnotations=[]}, Parameter{index=4, type=java.lang.String, declaredAnnotations=[]}])
Arguments: [(java.lang.Integer) 5,(java.lang.Integer) 5,(java.lang.Integer) 5,(java.lang.Integer) 5,(java.lang.Integer) 5]">
      <![CDATA[org.testng.internal.reflect.MethodMatcherException: Data provider mismatchMethod: negativeLogInTest([Parameter{index=0, type=java.lang.String, declaredAnnotations=[]}, Parameter{index=1, type=java.lang.String, declaredAnnotations=[]}, Parameter{index=2, type=java.lang.String, declaredAnnotations=[]}, Parameter{index=3, type=java.lang.String, declaredAnnotations=[]}, Parameter{index=4, type=java.lang.String, declaredAnnotations=[]}])Arguments: [(java.lang.Integer) 5,(java.lang.Integer) 5,(java.lang.Integer) 5,(java.lang.Integer) 5,(java.lang.Integer) 5]... Removed 20 stack frames]]>
    </failure>
  </testcase> <!-- negativeLogInTest -->
</testsuite> <!-- negativeLogInTest -->
