<?xml version="1.0" encoding="UTF-8"?>
<!-- Generated by org.testng.reporters.JUnitXMLReporter -->
<testsuite ignored="0" hostname="DUBN34630627A" failures="0" tests="2" name="negativeUsernameTest" time="20.6" errors="0" timestamp="05 Dec 2019 19:52:29 GMT">
  <testcase classname="com.james.training.selenium_project.NegativeLoginTests" name="negativeUsernameTest" time="2.679"/>
  <testcase classname="com.james.training.selenium_project.NegativeLoginTests" name="negativeUsernameTest_FF" time="2.235"/>
</testsuite> <!-- negativeUsernameTest -->
