<?xml version="1.0" encoding="UTF-8"?>
<testng-results ignored="0" total="4" passed="4" failed="0" skipped="0">
  <reporter-output>
  </reporter-output>
  <suite started-at="2020-01-24T16:28:10Z" name="Parallel test suite" finished-at="2020-01-24T16:29:36Z" duration-ms="86042">
    <groups>
    </groups>
    <test started-at="2020-01-24T16:28:10Z" name="login-ios" finished-at="2020-01-24T16:28:48Z" duration-ms="37897">
      <class name="com.james.training.ParallelTesting.ParallelTest">
        <test-method is-config="true" signature="setUp(java.lang.reflect.Method, java.lang.String, org.testng.ITestContext)[pri:0, instance:com.james.training.ParallelTesting.ParallelTest@6e509ffa]" started-at="2020-01-24T16:28:11Z" name="setUp" finished-at="2020-01-24T16:28:27Z" duration-ms="16104" status="PASS">
          <params>
            <param index="0">
              <value>
                <![CDATA[public void com.james.training.ParallelTesting.ParallelTest.loginTestDBData(java.lang.String,java.lang.String)]]>
              </value>
            </param>
            <param index="1">
              <value>
                <![CDATA[iPhone X]]>
              </value>
            </param>
            <param index="2">
              <value>
                <![CDATA[org.testng.TestRunner@1a72a540]]>
              </value>
            </param>
          </params>
          <reporter-output>
          </reporter-output>
        </test-method> <!-- setUp -->
        <test-method is-config="true" signature="setUp(java.lang.reflect.Method, java.lang.String, org.testng.ITestContext)[pri:0, instance:com.james.training.ParallelTesting.ParallelTest@6e509ffa]" started-at="2020-01-24T16:28:11Z" name="setUp" finished-at="2020-01-24T16:28:27Z" duration-ms="16169" status="PASS">
          <params>
            <param index="0">
              <value>
                <![CDATA[public void com.james.training.ParallelTesting.ParallelTest.loginTestDBData(java.lang.String,java.lang.String)]]>
              </value>
            </param>
            <param index="1">
              <value>
                <![CDATA[iPhone X]]>
              </value>
            </param>
            <param index="2">
              <value>
                <![CDATA[org.testng.TestRunner@1a72a540]]>
              </value>
            </param>
          </params>
          <reporter-output>
          </reporter-output>
        </test-method> <!-- setUp -->
        <test-method signature="loginTestDBData(java.lang.String, java.lang.String)[pri:0, instance:com.james.training.ParallelTesting.ParallelTest@6e509ffa]" started-at="2020-01-24T16:28:27Z" name="loginTestDBData" data-provider="databaseTestData" finished-at="2020-01-24T16:28:44Z" duration-ms="17010" status="PASS">
          <params>
            <param index="0">
              <value>
                <![CDATA[resticteduser@gmail.com]]>
              </value>
            </param>
            <param index="1">
              <value>
                <![CDATA[123456]]>
              </value>
            </param>
          </params>
          <reporter-output>
          </reporter-output>
        </test-method> <!-- loginTestDBData -->
        <test-method signature="loginTestDBData(java.lang.String, java.lang.String)[pri:0, instance:com.james.training.ParallelTesting.ParallelTest@6e509ffa]" started-at="2020-01-24T16:28:27Z" name="loginTestDBData" data-provider="databaseTestData" finished-at="2020-01-24T16:28:46Z" duration-ms="19742" status="PASS">
          <params>
            <param index="0">
              <value>
                <![CDATA[unresticteduser@gmail.com]]>
              </value>
            </param>
            <param index="1">
              <value>
                <![CDATA[123456]]>
              </value>
            </param>
          </params>
          <reporter-output>
          </reporter-output>
        </test-method> <!-- loginTestDBData -->
        <test-method is-config="true" signature="tearDown(org.testng.ITestResult)[pri:0, instance:com.james.training.ParallelTesting.ParallelTest@6e509ffa]" started-at="2020-01-24T16:28:44Z" name="tearDown" finished-at="2020-01-24T16:28:45Z" duration-ms="1596" status="PASS">
          <params>
            <param index="0">
              <value>
                <![CDATA[[TestResult name=loginTestDBData status=SUCCESS method=ParallelTest.loginTestDBData(java.lang.String, java.lang.String)[pri:0, instance:com.james.training.ParallelTesting.ParallelTest@6e509ffa] output={null}]]]>
              </value>
            </param>
          </params>
          <reporter-output>
          </reporter-output>
        </test-method> <!-- tearDown -->
        <test-method is-config="true" signature="tearDown(org.testng.ITestResult)[pri:0, instance:com.james.training.ParallelTesting.ParallelTest@6e509ffa]" started-at="2020-01-24T16:28:46Z" name="tearDown" finished-at="2020-01-24T16:28:48Z" duration-ms="1533" status="PASS">
          <params>
            <param index="0">
              <value>
                <![CDATA[[TestResult name=loginTestDBData status=SUCCESS method=ParallelTest.loginTestDBData(java.lang.String, java.lang.String)[pri:0, instance:com.james.training.ParallelTesting.ParallelTest@6e509ffa] output={null}]]]>
              </value>
            </param>
          </params>
          <reporter-output>
          </reporter-output>
        </test-method> <!-- tearDown -->
      </class> <!-- com.james.training.ParallelTesting.ParallelTest -->
    </test> <!-- login-ios -->
    <test started-at="2020-01-24T16:28:48Z" name="login-android" finished-at="2020-01-24T16:29:36Z" duration-ms="48098">
      <class name="com.james.training.ParallelTesting.ParallelTest">
        <test-method is-config="true" signature="setUp(java.lang.reflect.Method, java.lang.String, org.testng.ITestContext)[pri:0, instance:com.james.training.ParallelTesting.ParallelTest@5ab9e72c]" started-at="2020-01-24T16:28:48Z" name="setUp" finished-at="2020-01-24T16:29:08Z" duration-ms="19473" status="PASS">
          <params>
            <param index="0">
              <value>
                <![CDATA[public void com.james.training.ParallelTesting.ParallelTest.loginTestDBData(java.lang.String,java.lang.String)]]>
              </value>
            </param>
            <param index="1">
              <value>
                <![CDATA[Galaxy S5]]>
              </value>
            </param>
            <param index="2">
              <value>
                <![CDATA[org.testng.TestRunner@27d5a580]]>
              </value>
            </param>
          </params>
          <reporter-output>
          </reporter-output>
        </test-method> <!-- setUp -->
        <test-method is-config="true" signature="setUp(java.lang.reflect.Method, java.lang.String, org.testng.ITestContext)[pri:0, instance:com.james.training.ParallelTesting.ParallelTest@5ab9e72c]" started-at="2020-01-24T16:28:48Z" name="setUp" finished-at="2020-01-24T16:29:07Z" duration-ms="19261" status="PASS">
          <params>
            <param index="0">
              <value>
                <![CDATA[public void com.james.training.ParallelTesting.ParallelTest.loginTestDBData(java.lang.String,java.lang.String)]]>
              </value>
            </param>
            <param index="1">
              <value>
                <![CDATA[Galaxy S5]]>
              </value>
            </param>
            <param index="2">
              <value>
                <![CDATA[org.testng.TestRunner@27d5a580]]>
              </value>
            </param>
          </params>
          <reporter-output>
          </reporter-output>
        </test-method> <!-- setUp -->
        <test-method signature="loginTestDBData(java.lang.String, java.lang.String)[pri:0, instance:com.james.training.ParallelTesting.ParallelTest@5ab9e72c]" started-at="2020-01-24T16:29:07Z" name="loginTestDBData" data-provider="databaseTestData" finished-at="2020-01-24T16:29:32Z" duration-ms="24215" status="PASS">
          <params>
            <param index="0">
              <value>
                <![CDATA[resticteduser@gmail.com]]>
              </value>
            </param>
            <param index="1">
              <value>
                <![CDATA[123456]]>
              </value>
            </param>
          </params>
          <reporter-output>
          </reporter-output>
        </test-method> <!-- loginTestDBData -->
        <test-method signature="loginTestDBData(java.lang.String, java.lang.String)[pri:0, instance:com.james.training.ParallelTesting.ParallelTest@5ab9e72c]" started-at="2020-01-24T16:29:08Z" name="loginTestDBData" data-provider="databaseTestData" finished-at="2020-01-24T16:29:30Z" duration-ms="22793" status="PASS">
          <params>
            <param index="0">
              <value>
                <![CDATA[unresticteduser@gmail.com]]>
              </value>
            </param>
            <param index="1">
              <value>
                <![CDATA[123456]]>
              </value>
            </param>
          </params>
          <reporter-output>
          </reporter-output>
        </test-method> <!-- loginTestDBData -->
        <test-method is-config="true" signature="tearDown(org.testng.ITestResult)[pri:0, instance:com.james.training.ParallelTesting.ParallelTest@5ab9e72c]" started-at="2020-01-24T16:29:30Z" name="tearDown" finished-at="2020-01-24T16:29:35Z" duration-ms="4470" status="PASS">
          <params>
            <param index="0">
              <value>
                <![CDATA[[TestResult name=loginTestDBData status=SUCCESS method=ParallelTest.loginTestDBData(java.lang.String, java.lang.String)[pri:0, instance:com.james.training.ParallelTesting.ParallelTest@5ab9e72c] output={null}]]]>
              </value>
            </param>
          </params>
          <reporter-output>
          </reporter-output>
        </test-method> <!-- tearDown -->
        <test-method is-config="true" signature="tearDown(org.testng.ITestResult)[pri:0, instance:com.james.training.ParallelTesting.ParallelTest@5ab9e72c]" started-at="2020-01-24T16:29:32Z" name="tearDown" finished-at="2020-01-24T16:29:36Z" duration-ms="4609" status="PASS">
          <params>
            <param index="0">
              <value>
                <![CDATA[[TestResult name=loginTestDBData status=SUCCESS method=ParallelTest.loginTestDBData(java.lang.String, java.lang.String)[pri:0, instance:com.james.training.ParallelTesting.ParallelTest@5ab9e72c] output={null}]]]>
              </value>
            </param>
          </params>
          <reporter-output>
          </reporter-output>
        </test-method> <!-- tearDown -->
      </class> <!-- com.james.training.ParallelTesting.ParallelTest -->
    </test> <!-- login-android -->
  </suite> <!-- Parallel test suite -->
</testng-results>
