<?xml version="1.0" encoding="UTF-8"?>
<testng-results ignored="0" total="2" passed="2" failed="0" skipped="0">
  <reporter-output>
  </reporter-output>
  <suite started-at="2020-01-24T21:53:49Z" name="Parallel test suite" finished-at="2020-01-24T21:54:39Z" duration-ms="49572">
    <groups>
    </groups>
    <test started-at="2020-01-24T21:53:49Z" name="login-android" finished-at="2020-01-24T21:54:39Z" duration-ms="49572">
      <class name="com.james.training.ParallelTesting.ParallelTest">
        <test-method is-config="true" signature="setUp(java.lang.reflect.Method, java.lang.String, org.testng.ITestContext)[pri:0, instance:com.james.training.ParallelTesting.ParallelTest@6e509ffa]" started-at="2020-01-24T21:53:50Z" name="setUp" finished-at="2020-01-24T21:53:59Z" duration-ms="9086" status="PASS">
          <params>
            <param index="0">
              <value>
                <![CDATA[public void com.james.training.ParallelTesting.ParallelTest.loginTestDBData(java.lang.String,java.lang.String)]]>
              </value>
            </param>
            <param index="1">
              <value>
                <![CDATA[Galaxy S5]]>
              </value>
            </param>
            <param index="2">
              <value>
                <![CDATA[org.testng.TestRunner@5cdec700]]>
              </value>
            </param>
          </params>
          <reporter-output>
          </reporter-output>
        </test-method> <!-- setUp -->
        <test-method is-config="true" signature="setUp(java.lang.reflect.Method, java.lang.String, org.testng.ITestContext)[pri:0, instance:com.james.training.ParallelTesting.ParallelTest@6e509ffa]" started-at="2020-01-24T21:53:50Z" name="setUp" finished-at="2020-01-24T21:53:59Z" duration-ms="9086" status="PASS">
          <params>
            <param index="0">
              <value>
                <![CDATA[public void com.james.training.ParallelTesting.ParallelTest.loginTestDBData(java.lang.String,java.lang.String)]]>
              </value>
            </param>
            <param index="1">
              <value>
                <![CDATA[Galaxy S5]]>
              </value>
            </param>
            <param index="2">
              <value>
                <![CDATA[org.testng.TestRunner@5cdec700]]>
              </value>
            </param>
          </params>
          <reporter-output>
          </reporter-output>
        </test-method> <!-- setUp -->
        <test-method signature="loginTestDBData(java.lang.String, java.lang.String)[pri:0, instance:com.james.training.ParallelTesting.ParallelTest@6e509ffa]" started-at="2020-01-24T21:53:59Z" name="loginTestDBData" data-provider="databaseTestData" finished-at="2020-01-24T21:54:38Z" duration-ms="38799" status="PASS">
          <params>
            <param index="0">
              <value>
                <![CDATA[resticteduser@gmail.com]]>
              </value>
            </param>
            <param index="1">
              <value>
                <![CDATA[123456]]>
              </value>
            </param>
          </params>
          <reporter-output>
          </reporter-output>
        </test-method> <!-- loginTestDBData -->
        <test-method signature="loginTestDBData(java.lang.String, java.lang.String)[pri:0, instance:com.james.training.ParallelTesting.ParallelTest@6e509ffa]" started-at="2020-01-24T21:53:59Z" name="loginTestDBData" data-provider="databaseTestData" finished-at="2020-01-24T21:54:32Z" duration-ms="33053" status="PASS">
          <params>
            <param index="0">
              <value>
                <![CDATA[unresticteduser@gmail.com]]>
              </value>
            </param>
            <param index="1">
              <value>
                <![CDATA[123456]]>
              </value>
            </param>
          </params>
          <reporter-output>
          </reporter-output>
        </test-method> <!-- loginTestDBData -->
        <test-method is-config="true" signature="tearDown(org.testng.ITestResult)[pri:0, instance:com.james.training.ParallelTesting.ParallelTest@6e509ffa]" started-at="2020-01-24T21:54:32Z" name="tearDown" finished-at="2020-01-24T21:54:38Z" duration-ms="6003" status="PASS">
          <params>
            <param index="0">
              <value>
                <![CDATA[[TestResult name=loginTestDBData status=SUCCESS method=ParallelTest.loginTestDBData(java.lang.String, java.lang.String)[pri:0, instance:com.james.training.ParallelTesting.ParallelTest@6e509ffa] output={null}]]]>
              </value>
            </param>
          </params>
          <reporter-output>
          </reporter-output>
        </test-method> <!-- tearDown -->
        <test-method is-config="true" signature="tearDown(org.testng.ITestResult)[pri:0, instance:com.james.training.ParallelTesting.ParallelTest@6e509ffa]" started-at="2020-01-24T21:54:38Z" name="tearDown" finished-at="2020-01-24T21:54:39Z" duration-ms="1364" status="PASS">
          <params>
            <param index="0">
              <value>
                <![CDATA[[TestResult name=loginTestDBData status=SUCCESS method=ParallelTest.loginTestDBData(java.lang.String, java.lang.String)[pri:0, instance:com.james.training.ParallelTesting.ParallelTest@6e509ffa] output={null}]]]>
              </value>
            </param>
          </params>
          <reporter-output>
          </reporter-output>
        </test-method> <!-- tearDown -->
      </class> <!-- com.james.training.ParallelTesting.ParallelTest -->
    </test> <!-- login-android -->
  </suite> <!-- Parallel test suite -->
</testng-results>
