<?xml version="1.0" encoding="UTF-8"?>
<!-- Generated by org.testng.reporters.JUnitXMLReporter -->
<testsuite ignored="0" hostname="DUBN34630627A" failures="0" tests="4" name="Test" time="0.039" errors="0" timestamp="25 Nov 2019 18:18:28 GMT">
  <testcase classname="com.james.training.selenium_project.RestAPITest" name="openBrowser" time="0.013"/>
  <testcase classname="com.james.training.selenium_project.RestAPITest" name="openBrowser2" time="0.001"/>
  <testcase classname="com.james.training.selenium_project.AppTest" name="openBrowser" time="0.001"/>
  <testcase classname="com.james.training.selenium_project.AppTest" name="openBrowser2" time="0.001"/>
</testsuite> <!-- Test -->
