<?xml version="1.0" encoding="UTF-8"?>
<!-- Generated by org.testng.reporters.JUnitXMLReporter -->
<testsuite ignored="0" hostname="DUBN34630627A" failures="0" tests="3" name="AlertsTests" time="37.459" errors="0" timestamp="10 Dec 2019 18:37:12 GMT">
  <testcase classname="com.james.training.selenium_project.uielementspagetests.AlertsTests" name="jsAlertTest" time="3.881"/>
  <testcase classname="com.james.training.selenium_project.uielementspagetests.AlertsTests" name="jsDismissTest" time="3.788"/>
  <testcase classname="com.james.training.selenium_project.uielementspagetests.AlertsTests" name="jsPromptTest" time="4.879"/>
</testsuite> <!-- AlertsTests -->
