<?xml version="1.0" encoding="UTF-8"?>
<!-- Generated by org.testng.reporters.JUnitXMLReporter -->
<testsuite ignored="0" hostname="DUBN34630627A" failures="0" tests="5" name="negativeLogInTest" time="58.926" errors="0" timestamp="10 Dec 2019 18:36:24 GMT">
  <testcase classname="com.james.training.selenium_project.uielementspagetests.NegativeLoginTests" name="negativeLogInTest" time="2.652"/>
  <testcase classname="com.james.training.selenium_project.uielementspagetests.NegativeLoginTests" name="negativeLogInTest" time="2.526"/>
  <testcase classname="com.james.training.selenium_project.uielementspagetests.NegativeLoginTests" name="negativeLogInTest" time="2.824"/>
  <testcase classname="com.james.training.selenium_project.uielementspagetests.NegativeLoginTests" name="negativeLogInTest" time="2.818"/>
  <testcase classname="com.james.training.selenium_project.uielementspagetests.NegativeLoginTests" name="negativeLogInTest" time="2.812"/>
</testsuite> <!-- negativeLogInTest -->
