<?xml version="1.0" encoding="UTF-8"?>
<!-- Generated by org.testng.reporters.JUnitXMLReporter -->
<testsuite ignored="0" hostname="DUBN34630627A" failures="0" tests="1" name="newWindowTest" time="0.006" errors="0" timestamp="25 Feb 2020 14:36:02 GMT">
  <testcase classname="com.james.training.selenium_project.basetest.BaseTest" name="@BeforeMethod setUp" time="0.002">
    <failure type="java.lang.NullPointerException">
      <![CDATA[java.lang.NullPointerExceptionat com.james.training.selenium_project.basetest.BrowserDriverFactory.createDriver(BrowserDriverFactory.java:21)at com.james.training.selenium_project.basetest.BaseTest.setUp(BaseTest.java:44)... Removed 28 stack frames]]>
    </failure>
  </testcase> <!-- @BeforeMethod setUp -->
  <testcase classname="com.james.training.selenium_project.basetest.BaseTest" name="@AfterMethod tearDown" time="0.001">
    <failure type="java.lang.NullPointerException">
      <![CDATA[java.lang.NullPointerExceptionat com.james.training.selenium_project.basetest.BaseTest.tearDown(BaseTest.java:70)... Removed 28 stack frames]]>
    </failure>
  </testcase> <!-- @AfterMethod tearDown -->
  <testcase classname="com.james.training.selenium_project.uielementspagetests.MultipleWindowsTests" name="newWindowTest" time="0.0">
    <skipped/>
  </testcase> <!-- newWindowTest -->
</testsuite> <!-- newWindowTest -->
