<?xml version="1.0" encoding="UTF-8"?>
<!-- Generated by org.testng.reporters.JUnitXMLReporter -->
<testsuite ignored="0" hostname="DUBN34630627A" failures="0" tests="2" name="pressKeyTest" time="19.629" errors="0" timestamp="10 Dec 2019 18:37:57 GMT">
  <testcase classname="com.james.training.selenium_project.uielementspagetests.KeyPressesTests" name="pressKeyTest" time="1.877"/>
  <testcase classname="com.james.training.selenium_project.uielementspagetests.KeyPressesTests" name="pressKeyWithActionsTest" time="1.673"/>
</testsuite> <!-- pressKeyTest -->
