<?xml version="1.0" encoding="UTF-8"?>
<!-- Generated by org.testng.reporters.JUnitXMLReporter -->
<testsuite ignored="0" hostname="DUBN34630627A" failures="1" tests="1" name="Default test" time="11.735" errors="0" timestamp="09 Jan 2020 14:22:15 GMT">
  <testcase classname="com.paralleltest.SignInPageTest" name="loginTest" time="4.357">
    <failure type="junit.framework.ComparisonFailure" message="expected:&amp;lt;...Buyer/Main/ad/loginPage/SSOActions?awsr=true&amp;amp;realm=cirrusatlanticsuite&amp;amp;awsso_ap=ACM&amp;amp;awsso_cc=cmVhbG06WTJseWNuVnpZWFJzWVc1MGFXTnpkV2wwWlE9PTthd3Nzb19ydTphSFIwY0hNNkx5OXpNUzVoY21saVlTNWpiMjB2VTI5MWNtTnBibWN2VFdGcGJpOWhaQzlrWldaaGRXeDBMMFJwY21WamRFRmpkR2x2Ymo5eVpXRnNiVDFqYVhKeWRYTmhkR3hoYm5ScFkzTjFhWFJsO2F3c3NvX2x1OmFIUjBjSE02THk5ek1TNWhjbWxpWVM1amIyMHZVMjkxY21OcGJtY3ZUV0ZwYmk5aFpDOWpiR2xsYm5STWIyZHZkWFF2VTFOUFFXTjBhVzl1Y3c9PTthd3Nzb19hcDpRVU5OO2F3c3NvX2FyaWQ6TVRVM09EVTNPVGN6TWpjek5BPT07YXdzc29fa3U6YUhSMGNITTZMeTl6TVM1aGNtbGlZUzVqYjIwdlUyOTFjbU5wYm1jdlRXRnBiaTloWkM5amJHbGxiblJMWldWd1FXeHBkbVV2VTFOUFFXTjBhVzl1Y3c9PTthd3Nzb19mbDpNUT09%3A3%2BpBc7hxVV61G5ylCcT8VdtiWTo%3D...&amp;gt; but was:&amp;lt;...Sourcing/Main/aw?awh=r&amp;amp;awssk=KkQ74sDa&amp;amp;realm=cirrusatlanticsuite&amp;amp;dard=1...&amp;gt;">
      <![CDATA[junit.framework.ComparisonFailure: expected:<...Buyer/Main/ad/loginPage/SSOActions?awsr=true&realm=cirrusatlanticsuite&awsso_ap=ACM&awsso_cc=cmVhbG06WTJseWNuVnpZWFJzWVc1MGFXTnpkV2wwWlE9PTthd3Nzb19ydTphSFIwY0hNNkx5OXpNUzVoY21saVlTNWpiMjB2VTI5MWNtTnBibWN2VFdGcGJpOWhaQzlrWldaaGRXeDBMMFJwY21WamRFRmpkR2x2Ymo5eVpXRnNiVDFqYVhKeWRYTmhkR3hoYm5ScFkzTjFhWFJsO2F3c3NvX2x1OmFIUjBjSE02THk5ek1TNWhjbWxpWVM1amIyMHZVMjkxY21OcGJtY3ZUV0ZwYmk5aFpDOWpiR2xsYm5STWIyZHZkWFF2VTFOUFFXTjBhVzl1Y3c9PTthd3Nzb19hcDpRVU5OO2F3c3NvX2FyaWQ6TVRVM09EVTNPVGN6TWpjek5BPT07YXdzc29fa3U6YUhSMGNITTZMeTl6TVM1aGNtbGlZUzVqYjIwdlUyOTFjbU5wYm1jdlRXRnBiaTloWkM5amJHbGxiblJMWldWd1FXeHBkbVV2VTFOUFFXTjBhVzl1Y3c9PTthd3Nzb19mbDpNUT09%3A3%2BpBc7hxVV61G5ylCcT8VdtiWTo%3D...> but was:<...Sourcing/Main/aw?awh=r&awssk=KkQ74sDa&realm=cirrusatlanticsuite&dard=1...>
at junit.framework.Assert.assertEquals(Assert.java:81)
at junit.framework.Assert.assertEquals(Assert.java:87)
at com.paralleltest.SignInPageTest.loginTest(SignInPageTest.java:24)
at java.base/jdk.internal.reflect.NativeMethodAccessorImpl.invoke0(Native Method)
at java.base/jdk.internal.reflect.NativeMethodAccessorImpl.invoke(NativeMethodAccessorImpl.java:62)
at java.base/jdk.internal.reflect.DelegatingMethodAccessorImpl.invoke(DelegatingMethodAccessorImpl.java:43)
at java.base/java.lang.reflect.Method.invoke(Method.java:566)
at org.testng.internal.MethodInvocationHelper.invokeMethod(MethodInvocationHelper.java:124)
at org.testng.internal.Invoker.invokeMethod(Invoker.java:583)
at org.testng.internal.Invoker.invokeTestMethod(Invoker.java:719)
at org.testng.internal.Invoker.invokeTestMethods(Invoker.java:989)
at org.testng.internal.TestMethodWorker.invokeTestMethods(TestMethodWorker.java:125)
at org.testng.internal.TestMethodWorker.run(TestMethodWorker.java:109)
at org.testng.TestRunner.privateRun(TestRunner.java:648)
at org.testng.TestRunner.run(TestRunner.java:505)
at org.testng.SuiteRunner.runTest(SuiteRunner.java:455)
at org.testng.SuiteRunner.runSequentially(SuiteRunner.java:450)
at org.testng.SuiteRunner.privateRun(SuiteRunner.java:415)
at org.testng.SuiteRunner.run(SuiteRunner.java:364)
at org.testng.SuiteRunnerWorker.runSuite(SuiteRunnerWorker.java:52)
at org.testng.SuiteRunnerWorker.run(SuiteRunnerWorker.java:84)
at org.testng.TestNG.runSuitesSequentially(TestNG.java:1208)
at org.testng.TestNG.runSuitesLocally(TestNG.java:1137)
at org.testng.TestNG.runSuites(TestNG.java:1049)
at org.testng.TestNG.run(TestNG.java:1017)
at org.testng.remote.AbstractRemoteTestNG.run(AbstractRemoteTestNG.java:115)
at org.testng.remote.RemoteTestNG.initAndRun(RemoteTestNG.java:251)
at org.testng.remote.RemoteTestNG.main(RemoteTestNG.java:77)
]]>
    </failure>
  </testcase> <!-- loginTest -->
</testsuite> <!-- Default test -->
