<?xml version="1.0" encoding="UTF-8"?>
<testng-results ignored="0" total="1" passed="1" failed="0" skipped="0">
  <reporter-output>
  </reporter-output>
  <suite started-at="2019-12-09T16:05:00Z" name="CheckboxesTestSuite" finished-at="2019-12-09T16:05:11Z" duration-ms="10271">
    <groups>
    </groups>
    <test started-at="2019-12-09T16:05:00Z" name="selectingTwoCheckboxesTest" finished-at="2019-12-09T16:05:11Z" duration-ms="10271">
      <class name="com.james.training.selenium_project.uielementspagetests.CheckboxesTests">
        <test-method is-config="true" signature="setUp(java.lang.String, org.testng.ITestContext)[pri:0, instance:com.james.training.selenium_project.uielementspagetests.CheckboxesTests@68e5eea7]" started-at="2019-12-09T16:05:00Z" name="setUp" finished-at="2019-12-09T16:05:08Z" duration-ms="7528" status="PASS">
          <params>
            <param index="0">
              <value>
                <![CDATA[chrome]]>
              </value>
            </param>
            <param index="1">
              <value>
                <![CDATA[org.testng.TestRunner@314c8b4a]]>
              </value>
            </param>
          </params>
          <reporter-output>
          </reporter-output>
        </test-method> <!-- setUp -->
        <test-method signature="selectingTwoCheckboxesTest()[pri:0, instance:com.james.training.selenium_project.uielementspagetests.CheckboxesTests@68e5eea7]" started-at="2019-12-09T16:05:08Z" name="selectingTwoCheckboxesTest" finished-at="2019-12-09T16:05:10Z" duration-ms="1767" status="PASS">
          <reporter-output>
          </reporter-output>
        </test-method> <!-- selectingTwoCheckboxesTest -->
        <test-method is-config="true" signature="tearDown()[pri:0, instance:com.james.training.selenium_project.uielementspagetests.CheckboxesTests@68e5eea7]" started-at="2019-12-09T16:05:10Z" name="tearDown" finished-at="2019-12-09T16:05:11Z" duration-ms="952" status="PASS">
          <reporter-output>
          </reporter-output>
        </test-method> <!-- tearDown -->
      </class> <!-- com.james.training.selenium_project.uielementspagetests.CheckboxesTests -->
    </test> <!-- selectingTwoCheckboxesTest -->
  </suite> <!-- CheckboxesTestSuite -->
</testng-results>
