<?xml version="1.0" encoding="UTF-8"?>
<testng-results ignored="0" total="4" passed="4" failed="0" skipped="0">
  <reporter-output>
  </reporter-output>
  <suite started-at="2019-11-25T18:18:28Z" name="Suite" finished-at="2019-11-25T18:18:28Z" duration-ms="39">
    <groups>
    </groups>
    <test started-at="2019-11-25T18:18:28Z" name="Test" finished-at="2019-11-25T18:18:28Z" duration-ms="39">
      <class name="com.james.training.selenium_project.AppTest">
        <test-method signature="openBrowser()[pri:0, instance:com.james.training.selenium_project.AppTest@2e377400]" started-at="2019-11-25T18:18:28Z" name="openBrowser" finished-at="2019-11-25T18:18:28Z" duration-ms="1" status="PASS">
          <reporter-output>
          </reporter-output>
        </test-method> <!-- openBrowser -->
        <test-method signature="openBrowser2()[pri:0, instance:com.james.training.selenium_project.AppTest@2e377400]" started-at="2019-11-25T18:18:28Z" name="openBrowser2" finished-at="2019-11-25T18:18:28Z" duration-ms="1" status="PASS">
          <reporter-output>
          </reporter-output>
        </test-method> <!-- openBrowser2 -->
      </class> <!-- com.james.training.selenium_project.AppTest -->
      <class name="com.james.training.selenium_project.RestAPITest">
        <test-method signature="openBrowser()[pri:0, instance:com.james.training.selenium_project.RestAPITest@192c3f1e]" started-at="2019-11-25T18:18:28Z" name="openBrowser" finished-at="2019-11-25T18:18:28Z" duration-ms="13" status="PASS">
          <reporter-output>
          </reporter-output>
        </test-method> <!-- openBrowser -->
        <test-method signature="openBrowser2()[pri:0, instance:com.james.training.selenium_project.RestAPITest@192c3f1e]" started-at="2019-11-25T18:18:28Z" name="openBrowser2" finished-at="2019-11-25T18:18:28Z" duration-ms="1" status="PASS">
          <reporter-output>
          </reporter-output>
        </test-method> <!-- openBrowser2 -->
      </class> <!-- com.james.training.selenium_project.RestAPITest -->
    </test> <!-- Test -->
  </suite> <!-- Suite -->
</testng-results>
