<?xml version="1.0" encoding="UTF-8"?>
<!-- Generated by org.testng.reporters.JUnitXMLReporter -->
<testsuite ignored="0" hostname="DUBN34630627A" failures="0" tests="2" name="negativeUsernameTest" time="29.269" errors="0" timestamp="07 Dec 2019 18:46:30 GMT">
  <testcase classname="com.james.training.selenium_project.loginpagetests.NegativeLoginTests" name="negativeUsernameTest" time="3.379"/>
  <testcase classname="com.james.training.selenium_project.loginpagetests.NegativeLoginTests" name="negativeUsernameTest_FF" time="3.496"/>
</testsuite> <!-- negativeUsernameTest -->
