<?xml version="1.0" encoding="UTF-8"?>
<!-- Generated by org.testng.reporters.JUnitXMLReporter -->
<testsuite ignored="0" hostname="DUBN34630627A" failures="0" tests="2" name="negativeUsernameTest_FF" time="27.163" errors="0" timestamp="07 Dec 2019 19:13:19 GMT">
  <testcase classname="com.james.training.selenium_project.loginpagetests.NegativeLoginTests" name="negativeUsernameTest" time="3.153"/>
  <testcase classname="com.james.training.selenium_project.loginpagetests.NegativeLoginTests" name="negativeUsernameTest_FF" time="3.069"/>
</testsuite> <!-- negativeUsernameTest_FF -->
