<?xml version="1.0" encoding="UTF-8"?>
<!-- Generated by org.testng.reporters.JUnitXMLReporter -->
<testsuite ignored="0" hostname="DUBN34630627A" failures="0" tests="3" name="AlertsTests" time="37.477" errors="0" timestamp="10 Dec 2019 18:44:09 GMT">
  <testcase classname="com.james.training.selenium_project.uielementspagetests.AlertsTests" name="jsAlertTest" time="3.942"/>
  <testcase classname="com.james.training.selenium_project.uielementspagetests.AlertsTests" name="jsDismissTest" time="4.217"/>
  <testcase classname="com.james.training.selenium_project.uielementspagetests.AlertsTests" name="jsPromptTest" time="4.977"/>
</testsuite> <!-- AlertsTests -->
