<?xml version="1.0" encoding="UTF-8"?>
<!-- Generated by org.testng.reporters.JUnitXMLReporter -->
<testsuite ignored="0" hostname="DUBN34630627A" failures="0" tests="3" name="AlertsTests" time="36.518" errors="0" timestamp="13 Dec 2019 17:09:22 GMT">
  <testcase classname="com.james.training.selenium_project.uielementspagetests.AlertsTests" name="jsAlertTest" time="4.066"/>
  <testcase classname="com.james.training.selenium_project.uielementspagetests.AlertsTests" name="jsDismissTest" time="4.061"/>
  <testcase classname="com.james.training.selenium_project.uielementspagetests.AlertsTests" name="jsPromptTest" time="5.4"/>
</testsuite> <!-- AlertsTests -->
