<?xml version="1.0" encoding="UTF-8"?>
<!-- Generated by org.testng.reporters.JUnitXMLReporter -->
<testsuite ignored="0" hostname="DUBN34630627A" failures="0" tests="5" name="positivelogInTest" time="54.462" errors="0" timestamp="13 Dec 2019 17:08:45 GMT">
  <testcase classname="com.james.training.selenium_project.uielementspagetests.PositiveLoginTest" name="positivelogInTest" time="2.905"/>
  <testcase classname="com.james.training.selenium_project.uielementspagetests.PositiveLoginTest" name="positivelogInTest" time="2.782"/>
  <testcase classname="com.james.training.selenium_project.uielementspagetests.PositiveLoginTest" name="positivelogInTest" time="2.815"/>
  <testcase classname="com.james.training.selenium_project.uielementspagetests.PositiveLoginTest" name="positivelogInTest" time="2.92"/>
  <testcase classname="com.james.training.selenium_project.uielementspagetests.PositiveLoginTest" name="positivelogInTest" time="2.746"/>
</testsuite> <!-- positivelogInTest -->
