<?xml version="1.0" encoding="UTF-8"?>
<!-- Generated by org.testng.reporters.JUnitXMLReporter -->
<testsuite hostname="DUBN34630627A" ignored="0" name="Test" tests="4" failures="0" timestamp="25 Nov 2019 19:01:27 GMT" time="0.033" errors="0">
  <testcase name="openBrowser" time="0.005" classname="com.james.training.selenium_project.RestAPITest"/>
  <testcase name="openBrowser2" time="0.0" classname="com.james.training.selenium_project.RestAPITest"/>
  <testcase name="openBrowser" time="0.001" classname="com.james.training.selenium_project.AppTest"/>
  <testcase name="openBrowser2" time="0.0" classname="com.james.training.selenium_project.AppTest"/>
</testsuite> <!-- Test -->
