<?xml version="1.0" encoding="UTF-8"?>
<!-- Generated by org.testng.reporters.JUnitXMLReporter -->
<testsuite ignored="0" hostname="DUBN34630627A" failures="0" tests="5" name="Default test" time="54.425" errors="0" timestamp="10 Dec 2019 20:02:45 GMT">
  <testcase classname="com.james.training.selenium_project.uielementspagetests.NegativeLoginTests" name="negativeLogInTest" time="2.572"/>
  <testcase classname="com.james.training.selenium_project.uielementspagetests.NegativeLoginTests" name="negativeLogInTest" time="2.902"/>
  <testcase classname="com.james.training.selenium_project.uielementspagetests.NegativeLoginTests" name="negativeLogInTest" time="2.752"/>
  <testcase classname="com.james.training.selenium_project.uielementspagetests.NegativeLoginTests" name="negativeLogInTest" time="2.47"/>
  <testcase classname="com.james.training.selenium_project.uielementspagetests.NegativeLoginTests" name="negativeLogInTest" time="2.648"/>
</testsuite> <!-- Default test -->
